{"level":"info","message":"✓ Database connected successfully","timestamp":"2026-02-12T09:48:17.375Z"}
{"level":"info","message":"✓ Server running on port 5000","timestamp":"2026-02-12T09:48:17.386Z"}
{"level":"info","message":"✓ Database connected successfully","timestamp":"2026-02-12T09:48:56.029Z"}
{"level":"info","message":"✓ Server running on port 5000","timestamp":"2026-02-12T09:48:56.037Z"}
{"level":"info","message":"✓ Database connected successfully","timestamp":"2026-02-12T10:35:11.570Z"}
{"level":"info","message":"✓ Server running on port 5000","timestamp":"2026-02-12T10:35:11.580Z"}
{"level":"info","message":"✓ Database connected successfully","timestamp":"2026-02-12T10:36:03.473Z"}
{"level":"info","message":"✓ Server running on port 5000","timestamp":"2026-02-12T10:36:03.483Z"}
{"level":"error","message":"500 - Field 'seating_capacity' doesn't have a default value - /api/v1/vehicles - POST - ::1","timestamp":"2026-02-12T10:43:21.671Z"}
{"level":"error","message":"500 - Field 'seating_capacity' doesn't have a default value - /api/v1/vehicles - POST - ::1","timestamp":"2026-02-12T10:43:29.631Z"}
{"level":"error","message":"500 - Unknown column 'earned_date' in 'order clause' - /api/v1/agents/commissions - GET - ::1","timestamp":"2026-02-12T10:45:28.688Z"}
{"level":"error","message":"500 - Unknown column 'earned_date' in 'order clause' - /api/v1/agents/commissions - GET - ::1","timestamp":"2026-02-12T10:45:28.700Z"}
{"level":"error","message":"500 - Unknown column 'earned_date' in 'order clause' - /api/v1/agents/commissions - GET - ::1","timestamp":"2026-02-12T10:45:36.491Z"}
{"level":"error","message":"500 - Unknown column 'earned_date' in 'order clause' - /api/v1/agents/commissions - GET - ::1","timestamp":"2026-02-12T10:45:36.498Z"}
{"level":"error","message":"500 - Field 'booking_reference' doesn't have a default value - /api/v1/bookings - POST - ::1","timestamp":"2026-02-12T10:47:45.068Z"}
{"level":"error","message":"500 - Field 'booking_reference' doesn't have a default value - /api/v1/bookings - POST - ::1","timestamp":"2026-02-12T10:48:05.145Z"}
{"level":"error","message":"500 - Field 'booking_reference' doesn't have a default value - /api/v1/bookings - POST - ::1","timestamp":"2026-02-12T10:48:16.346Z"}
{"level":"error","message":"500 - Field 'booking_reference' doesn't have a default value - /api/v1/bookings - POST - ::1","timestamp":"2026-02-12T10:48:54.012Z"}
{"level":"info","message":"✓ Database connected successfully","timestamp":"2026-02-12T10:50:54.133Z"}
{"level":"info","message":"✓ Server running on port 5000","timestamp":"2026-02-12T10:50:54.139Z"}
{"level":"error","message":"500 - Cannot add or update a child row: a foreign key constraint fails (`rivers_rwanda`.`bookings`, CONSTRAINT `bookings_ibfk_1` FOREIGN KEY (`client_id`) REFERENCES `clients` (`id`)) - /api/v1/bookings - POST - ::1","timestamp":"2026-02-12T10:51:28.409Z"}
{"level":"error","message":"500 - Cannot add or update a child row: a foreign key constraint fails (`rivers_rwanda`.`bookings`, CONSTRAINT `bookings_ibfk_1` FOREIGN KEY (`client_id`) REFERENCES `clients` (`id`)) - /api/v1/bookings - POST - ::1","timestamp":"2026-02-12T10:51:33.801Z"}
{"level":"error","message":"500 - Cannot add or update a child row: a foreign key constraint fails (`rivers_rwanda`.`bookings`, CONSTRAINT `bookings_ibfk_1` FOREIGN KEY (`client_id`) REFERENCES `clients` (`id`)) - /api/v1/bookings - POST - ::1","timestamp":"2026-02-12T10:52:46.478Z"}
{"level":"info","message":"✓ Database connected successfully","timestamp":"2026-02-12T10:53:40.363Z"}
{"level":"info","message":"✓ Server running on port 5000","timestamp":"2026-02-12T10:53:40.369Z"}
{"level":"info","message":"✓ Database connected successfully","timestamp":"2026-02-12T10:54:13.880Z"}
{"level":"info","message":"✓ Server running on port 5000","timestamp":"2026-02-12T10:54:13.886Z"}
{"level":"info","message":"✓ Database connected successfully","timestamp":"2026-02-12T10:54:44.050Z"}
{"level":"info","message":"✓ Server running on port 5000","timestamp":"2026-02-12T10:54:44.055Z"}
{"level":"info","message":"✓ Database connected successfully","timestamp":"2026-02-12T10:55:49.662Z"}
{"level":"info","message":"✓ Server running on port 5000","timestamp":"2026-02-12T10:55:49.668Z"}
{"level":"info","message":"✓ Database connected successfully","timestamp":"2026-02-12T11:02:09.154Z"}
{"level":"info","message":"✓ Server running on port 5000","timestamp":"2026-02-12T11:02:09.160Z"}
{"level":"info","message":"✓ Database connected successfully","timestamp":"2026-02-12T11:21:24.520Z"}
{"level":"info","message":"✓ Server running on port 5000","timestamp":"2026-02-12T11:21:24.527Z"}
{"level":"error","message":"500 - Field 'seating_capacity' doesn't have a default value - /api/v1/vehicles - POST - ::1","timestamp":"2026-02-12T11:24:08.174Z"}
{"level":"error","message":"500 - Field 'seating_capacity' doesn't have a default value - /api/v1/vehicles - POST - ::1","timestamp":"2026-02-12T11:24:09.912Z"}
{"level":"error","message":"500 - Cannot delete or update a parent row: a foreign key constraint fails (`rivers_rwanda`.`bookings`, CONSTRAINT `bookings_ibfk_3` FOREIGN KEY (`accommodation_id`) REFERENCES `accommodations` (`id`)) - /api/v1/accommodations/71151e5b-07ff-11f1-bb23-e880889a729a - DELETE - ::1","timestamp":"2026-02-12T11:25:53.748Z"}
{"level":"error","message":"500 - Field 'seating_capacity' doesn't have a default value - /api/v1/vehicles - POST - ::1","timestamp":"2026-02-12T11:29:11.248Z"}
{"level":"error","message":"500 - Field 'seating_capacity' doesn't have a default value - /api/v1/vehicles - POST - ::1","timestamp":"2026-02-12T11:35:44.955Z"}
{"level":"error","message":"500 - Field 'seating_capacity' doesn't have a default value - /api/v1/vehicles - POST - ::1","timestamp":"2026-02-12T11:35:50.240Z"}
{"level":"error","message":"500 - Field 'seating_capacity' doesn't have a default value - /api/v1/vehicles - POST - ::1","timestamp":"2026-02-12T11:37:16.839Z"}
{"level":"error","message":"500 - Field 'seating_capacity' doesn't have a default value - /api/v1/vehicles - POST - ::1","timestamp":"2026-02-12T11:37:26.104Z"}
{"level":"error","message":"500 - Field 'seating_capacity' doesn't have a default value - /api/v1/vehicles - POST - ::1","timestamp":"2026-02-12T11:37:40.879Z"}
{"level":"info","message":"✓ Database connected successfully","timestamp":"2026-02-12T11:40:05.266Z"}
{"level":"info","message":"✓ Server running on port 5000","timestamp":"2026-02-12T11:40:05.276Z"}
{"level":"info","message":"✓ Database connected successfully","timestamp":"2026-02-12T11:41:11.434Z"}
{"level":"info","message":"✓ Server running on port 5000","timestamp":"2026-02-12T11:41:11.444Z"}
{"level":"info","message":"✓ Database connected successfully","timestamp":"2026-02-12T13:12:10.980Z"}
{"level":"info","message":"✓ Server running on port 5000","timestamp":"2026-02-12T13:12:10.987Z"}
{"level":"info","message":"✓ Database connected successfully","timestamp":"2026-02-12T13:38:40.065Z"}
{"level":"info","message":"✓ Server running on port 5000","timestamp":"2026-02-12T13:38:40.072Z"}
{"level":"info","message":"✓ Database connected successfully","timestamp":"2026-02-12T15:05:13.896Z"}
{"level":"info","message":"✓ Server running on port 5000","timestamp":"2026-02-12T15:05:13.915Z"}
{"level":"info","message":"✓ Database connected successfully","timestamp":"2026-02-12T15:05:47.879Z"}
{"level":"info","message":"✓ Server running on port 5000","timestamp":"2026-02-12T15:05:47.898Z"}
{"level":"info","message":"✓ Database connected successfully","timestamp":"2026-02-12T15:06:35.186Z"}
{"level":"info","message":"✓ Server running on port 5000","timestamp":"2026-02-12T15:06:35.236Z"}
{"level":"info","message":"✓ Database connected successfully","timestamp":"2026-02-12T18:44:22.929Z"}
{"level":"info","message":"✓ Server running on port 5000","timestamp":"2026-02-12T18:44:22.934Z"}
{"level":"error","message":"500 - Unknown column 'earned_date' in 'order clause' - /api/v1/agents/commissions - GET - ::1","timestamp":"2026-02-12T18:57:01.989Z"}
{"level":"error","message":"500 - Unknown column 'earned_date' in 'order clause' - /api/v1/agents/commissions - GET - ::1","timestamp":"2026-02-12T18:57:02.013Z"}
{"level":"error","message":"500 - Unknown column 'earned_date' in 'order clause' - /api/v1/agents/commissions - GET - ::1","timestamp":"2026-02-12T18:57:08.708Z"}
{"level":"error","message":"500 - Unknown column 'earned_date' in 'order clause' - /api/v1/agents/commissions - GET - ::1","timestamp":"2026-02-12T18:57:08.714Z"}
{"level":"error","message":"500 - Unknown column 'earned_date' in 'order clause' - /api/v1/agents/commissions - GET - ::1","timestamp":"2026-02-12T18:58:34.500Z"}
{"level":"error","message":"500 - Unknown column 'earned_date' in 'order clause' - /api/v1/agents/commissions - GET - ::1","timestamp":"2026-02-12T18:58:34.508Z"}
{"level":"error","message":"500 - Unknown column 'earned_date' in 'order clause' - /api/v1/agents/commissions - GET - ::1","timestamp":"2026-02-12T18:59:05.163Z"}
{"level":"error","message":"500 - Unknown column 'earned_date' in 'order clause' - /api/v1/agents/commissions - GET - ::1","timestamp":"2026-02-12T18:59:05.171Z"}
{"level":"error","message":"500 - Unknown column 'earned_date' in 'order clause' - /api/v1/agents/commissions - GET - ::1","timestamp":"2026-02-12T18:59:17.452Z"}
{"level":"error","message":"500 - Unknown column 'earned_date' in 'order clause' - /api/v1/agents/commissions - GET - ::1","timestamp":"2026-02-12T18:59:17.464Z"}
{"level":"error","message":"500 - Unknown column 'earned_date' in 'order clause' - /api/v1/agents/commissions - GET - ::1","timestamp":"2026-02-12T18:59:23.024Z"}
{"level":"error","message":"500 - Unknown column 'earned_date' in 'order clause' - /api/v1/agents/commissions - GET - ::1","timestamp":"2026-02-12T18:59:23.032Z"}
{"level":"error","message":"500 - Unknown column 'earned_date' in 'order clause' - /api/v1/agents/commissions - GET - ::1","timestamp":"2026-02-12T19:00:40.267Z"}
{"level":"error","message":"500 - Unknown column 'earned_date' in 'order clause' - /api/v1/agents/commissions - GET - ::1","timestamp":"2026-02-12T19:00:40.273Z"}
{"level":"error","message":"500 - Unknown column 'earned_date' in 'order clause' - /api/v1/agents/commissions - GET - ::1","timestamp":"2026-02-12T19:00:55.674Z"}
{"level":"error","message":"500 - Unknown column 'earned_date' in 'order clause' - /api/v1/agents/commissions - GET - ::1","timestamp":"2026-02-12T19:00:55.684Z"}
{"level":"error","message":"500 - Unknown column 'earned_date' in 'order clause' - /api/v1/agents/commissions - GET - ::1","timestamp":"2026-02-12T19:03:49.862Z"}
{"level":"error","message":"500 - Unknown column 'earned_date' in 'order clause' - /api/v1/agents/commissions - GET - ::1","timestamp":"2026-02-12T19:03:49.868Z"}
{"level":"error","message":"500 - Unknown column 'earned_date' in 'order clause' - /api/v1/agents/commissions - GET - ::1","timestamp":"2026-02-12T19:04:11.217Z"}
{"level":"error","message":"500 - Unknown column 'earned_date' in 'order clause' - /api/v1/agents/commissions - GET - ::1","timestamp":"2026-02-12T19:04:11.225Z"}
{"level":"error","message":"500 - Unknown column 'earned_date' in 'order clause' - /api/v1/agents/commissions - GET - ::1","timestamp":"2026-02-12T19:04:27.917Z"}
{"level":"error","message":"500 - Unknown column 'earned_date' in 'order clause' - /api/v1/agents/commissions - GET - ::1","timestamp":"2026-02-12T19:04:27.926Z"}
{"level":"error","message":"500 - Unknown column 'earned_date' in 'order clause' - /api/v1/agents/commissions - GET - ::1","timestamp":"2026-02-12T19:04:38.258Z"}
{"level":"error","message":"500 - Unknown column 'earned_date' in 'order clause' - /api/v1/agents/commissions - GET - ::1","timestamp":"2026-02-12T19:04:38.268Z"}
{"level":"error","message":"500 - Unknown column 'earned_date' in 'order clause' - /api/v1/agents/commissions - GET - ::1","timestamp":"2026-02-12T19:05:25.811Z"}
{"level":"error","message":"500 - Unknown column 'earned_date' in 'order clause' - /api/v1/agents/commissions - GET - ::1","timestamp":"2026-02-12T19:05:25.821Z"}
{"level":"error","message":"500 - Unknown column 'earned_date' in 'order clause' - /api/v1/agents/commissions - GET - ::1","timestamp":"2026-02-12T19:05:27.724Z"}
{"level":"error","message":"500 - Unknown column 'earned_date' in 'order clause' - /api/v1/agents/commissions - GET - ::1","timestamp":"2026-02-12T19:05:27.734Z"}
{"level":"error","message":"500 - Unknown column 'earned_date' in 'order clause' - /api/v1/agents/commissions - GET - ::1","timestamp":"2026-02-12T19:05:34.308Z"}
{"level":"error","message":"500 - Unknown column 'earned_date' in 'order clause' - /api/v1/agents/commissions - GET - ::1","timestamp":"2026-02-12T19:05:34.318Z"}
{"level":"error","message":"500 - Unknown column 'earned_date' in 'order clause' - /api/v1/agents/commissions - GET - ::1","timestamp":"2026-02-12T19:05:53.728Z"}
{"level":"error","message":"500 - Unknown column 'earned_date' in 'order clause' - /api/v1/agents/commissions - GET - ::1","timestamp":"2026-02-12T19:05:53.740Z"}
{"level":"error","message":"500 - Unknown column 'earned_date' in 'order clause' - /api/v1/agents/commissions - GET - ::1","timestamp":"2026-02-12T19:07:57.461Z"}
{"level":"error","message":"500 - Unknown column 'earned_date' in 'order clause' - /api/v1/agents/commissions - GET - ::1","timestamp":"2026-02-12T19:07:57.468Z"}
{"level":"error","message":"500 - Unknown column 'earned_date' in 'order clause' - /api/v1/agents/commissions - GET - ::1","timestamp":"2026-02-12T19:08:11.109Z"}
{"level":"error","message":"500 - Unknown column 'earned_date' in 'order clause' - /api/v1/agents/commissions - GET - ::1","timestamp":"2026-02-12T19:08:11.113Z"}
{"level":"error","message":"500 - Unknown column 'earned_date' in 'order clause' - /api/v1/agents/commissions - GET - ::1","timestamp":"2026-02-12T19:08:28.580Z"}
{"level":"error","message":"500 - Unknown column 'earned_date' in 'order clause' - /api/v1/agents/commissions - GET - ::1","timestamp":"2026-02-12T19:08:28.589Z"}
{"level":"error","message":"500 - Unknown column 'earned_date' in 'order clause' - /api/v1/agents/commissions - GET - ::1","timestamp":"2026-02-12T19:15:55.748Z"}
{"level":"error","message":"500 - Unknown column 'earned_date' in 'order clause' - /api/v1/agents/commissions - GET - ::1","timestamp":"2026-02-12T19:15:55.756Z"}
{"level":"info","message":"✓ Database connected successfully","timestamp":"2026-02-12T19:20:23.898Z"}
{"level":"info","message":"✓ Server running on port 5000","timestamp":"2026-02-12T19:20:23.905Z"}
{"level":"info","message":"✓ Database connected successfully","timestamp":"2026-02-12T20:21:29.179Z"}
{"level":"info","message":"✓ Server running on port 5000","timestamp":"2026-02-12T20:21:29.185Z"}
{"level":"info","message":"✓ Database connected successfully","timestamp":"2026-02-13T11:18:58.315Z"}
{"level":"info","message":"✓ Server running on port 5000","timestamp":"2026-02-13T11:18:58.325Z"}
{"level":"info","message":"✓ Database connected successfully","timestamp":"2026-02-13T13:29:38.286Z"}
{"level":"info","message":"✓ Server running on port 5000","timestamp":"2026-02-13T13:29:38.291Z"}
{"level":"info","message":"✓ Database connected successfully","timestamp":"2026-02-13T14:34:51.399Z"}
{"level":"info","message":"✓ Server running on port 5000","timestamp":"2026-02-13T14:34:51.405Z"}
{"level":"info","message":"✓ Database connected successfully","timestamp":"2026-02-13T14:37:53.020Z"}
{"level":"info","message":"✓ Server running on port 5000","timestamp":"2026-02-13T14:37:53.026Z"}
{"level":"info","message":"✓ Database connected successfully","timestamp":"2026-02-13T15:17:46.166Z"}
{"level":"info","message":"✓ Server running on port 5000","timestamp":"2026-02-13T15:17:46.173Z"}
{"level":"error","message":"500 - Unknown column 'profile_image' in 'field list' - /api/v1/users/profile - PATCH - ::1","timestamp":"2026-02-13T15:18:23.275Z"}
{"level":"info","message":"✓ Database connected successfully","timestamp":"2026-02-13T16:51:10.291Z"}
{"level":"info","message":"✓ Server running on port 5000","timestamp":"2026-02-13T16:51:10.296Z"}
{"level":"error","message":"500 - Unknown column 'profile_image' in 'field list' - /api/v1/users/profile - PATCH - ::1","timestamp":"2026-02-13T16:51:54.680Z"}
{"level":"info","message":"✓ Database connected successfully","timestamp":"2026-02-13T16:54:01.570Z"}
{"level":"info","message":"✓ Server running on port 5000","timestamp":"2026-02-13T16:54:01.575Z"}
{"level":"info","message":"✓ Database connected successfully","timestamp":"2026-02-13T16:57:59.393Z"}
{"level":"info","message":"✓ Server running on port 5000","timestamp":"2026-02-13T16:57:59.398Z"}
{"level":"info","message":"✓ Database connected successfully","timestamp":"2026-02-13T17:04:12.887Z"}
{"level":"info","message":"✓ Server running on port 5000","timestamp":"2026-02-13T17:04:12.893Z"}
{"level":"info","message":"✓ Database connected successfully","timestamp":"2026-02-13T17:08:37.181Z"}
{"level":"info","message":"✓ Server running on port 5000","timestamp":"2026-02-13T17:08:37.186Z"}
{"level":"info","message":"✓ Database connected successfully","timestamp":"2026-02-13T17:22:14.117Z"}
{"level":"info","message":"✓ Server running on port 5000","timestamp":"2026-02-13T17:22:14.124Z"}
{"level":"info","message":"✓ Database connected successfully","timestamp":"2026-02-13T17:51:26.593Z"}
{"level":"info","message":"✓ Server running on port 5000","timestamp":"2026-02-13T17:51:26.597Z"}
{"level":"info","message":"✓ Database connected successfully","timestamp":"2026-02-13T17:56:32.927Z"}
{"level":"info","message":"✓ Database connected successfully","timestamp":"2026-02-13T18:02:48.152Z"}
{"level":"error","message":"500 - Out of range value for column 'sale_price' at row 1 - /api/v1/vehicles - POST - ::1","timestamp":"2026-02-13T20:26:22.958Z"}
{"level":"error","message":"500 - Out of range value for column 'sale_price' at row 1 - /api/v1/vehicles - POST - ::1","timestamp":"2026-02-13T20:26:40.030Z"}
{"level":"info","message":"✓ Database connected successfully","timestamp":"2026-02-15T10:15:12.446Z"}
{"level":"info","message":"✓ Server running on port 5000","timestamp":"2026-02-15T10:15:12.452Z"}
{"level":"error","message":"500 - Data truncated for column 'id' at row 1 - /api/v1/auth/register/client - POST - ::1","timestamp":"2026-02-15T10:17:26.522Z"}
{"level":"error","message":"500 - Unknown database 'rivers_rwanda' - /api/v1/accommodations - GET - ::1","timestamp":"2026-02-15T10:24:03.974Z"}
{"level":"error","message":"500 - Unknown database 'rivers_rwanda' - /api/v1/public/stats - GET - ::1","timestamp":"2026-02-15T10:24:03.984Z"}
{"level":"error","message":"500 - Unknown database 'rivers_rwanda' - /api/v1/accommodations - GET - ::1","timestamp":"2026-02-15T10:24:03.991Z"}
{"level":"error","message":"500 - Unknown database 'rivers_rwanda' - /api/v1/public/stats - GET - ::1","timestamp":"2026-02-15T10:24:03.996Z"}
{"level":"info","message":"✓ Database connected successfully","timestamp":"2026-02-15T10:25:48.844Z"}
{"level":"info","message":"✓ Server running on port 5000","timestamp":"2026-02-15T10:25:48.849Z"}
{"level":"error","message":"500 - Data truncated for column 'user_id' at row 1 - /api/v1/auth/register/agent - POST - ::1","timestamp":"2026-02-15T10:37:12.514Z"}
{"level":"info","message":"✓ Database connected successfully","timestamp":"2026-02-15T10:57:19.646Z"}
{"level":"info","message":"✓ Server running on port 5000","timestamp":"2026-02-15T10:57:19.652Z"}
{"level":"info","message":"✓ Database connected successfully","timestamp":"2026-02-15T11:03:54.988Z"}
{"level":"info","message":"✓ Server running on port 5000","timestamp":"2026-02-15T11:03:54.993Z"}
{"level":"info","message":"✓ Database connected successfully","timestamp":"2026-02-15T11:10:43.688Z"}
{"level":"info","message":"✓ Server running on port 5000","timestamp":"2026-02-15T11:10:43.693Z"}
{"level":"info","message":"✓ Database connected successfully","timestamp":"2026-02-15T11:14:21.920Z"}
{"level":"info","message":"✓ Server running on port 5000","timestamp":"2026-02-15T11:14:21.925Z"}
{"level":"error","message":"500 - Bind parameters must not contain undefined. To pass SQL NULL specify JS null - /api/v1/agents/commissions - GET - ::1","timestamp":"2026-02-15T11:16:39.462Z"}
{"level":"error","message":"500 - Bind parameters must not contain undefined. To pass SQL NULL specify JS null - /api/v1/agents/commissions - GET - ::1","timestamp":"2026-02-15T11:16:39.477Z"}
{"level":"error","message":"500 - Bind parameters must not contain undefined. To pass SQL NULL specify JS null - /api/v1/agents/clients - GET - ::1","timestamp":"2026-02-15T11:16:45.260Z"}
{"level":"error","message":"500 - Bind parameters must not contain undefined. To pass SQL NULL specify JS null - /api/v1/agents/clients - GET - ::1","timestamp":"2026-02-15T11:16:45.274Z"}
{"level":"error","message":"500 - Bind parameters must not contain undefined. To pass SQL NULL specify JS null - /api/v1/agents/clients - GET - ::1","timestamp":"2026-02-15T11:16:47.308Z"}
{"level":"error","message":"500 - Bind parameters must not contain undefined. To pass SQL NULL specify JS null - /api/v1/agents/stats - GET - ::1","timestamp":"2026-02-15T11:16:47.313Z"}
{"level":"error","message":"500 - Bind parameters must not contain undefined. To pass SQL NULL specify JS null - /api/v1/agents/referral-code - GET - ::1","timestamp":"2026-02-15T11:16:47.319Z"}
{"level":"error","message":"500 - Bind parameters must not contain undefined. To pass SQL NULL specify JS null - /api/v1/agents/clients - GET - ::1","timestamp":"2026-02-15T11:16:47.332Z"}
{"level":"error","message":"500 - Bind parameters must not contain undefined. To pass SQL NULL specify JS null - /api/v1/agents/stats - GET - ::1","timestamp":"2026-02-15T11:16:47.338Z"}
{"level":"error","message":"500 - Bind parameters must not contain undefined. To pass SQL NULL specify JS null - /api/v1/agents/referral-code - GET - ::1","timestamp":"2026-02-15T11:16:47.344Z"}
{"level":"error","message":"500 - Bind parameters must not contain undefined. To pass SQL NULL specify JS null - /api/v1/agents/commissions - GET - ::1","timestamp":"2026-02-15T11:16:50.979Z"}
{"level":"error","message":"500 - Bind parameters must not contain undefined. To pass SQL NULL specify JS null - /api/v1/agents/commissions - GET - ::1","timestamp":"2026-02-15T11:16:50.988Z"}
{"level":"info","message":"✓ Database connected successfully","timestamp":"2026-02-15T11:19:04.635Z"}
{"level":"info","message":"✓ Server running on port 5000","timestamp":"2026-02-15T11:19:04.641Z"}
{"level":"error","message":"500 - Data truncated for column 'user_id' at row 1 - /api/v1/users/profile - PATCH - ::1","timestamp":"2026-02-15T11:19:25.045Z"}
{"level":"error","message":"500 - Bind parameters must not contain undefined. To pass SQL NULL specify JS null - /api/v1/agents/commissions - GET - ::1","timestamp":"2026-02-15T11:19:40.706Z"}
{"level":"error","message":"500 - Bind parameters must not contain undefined. To pass SQL NULL specify JS null - /api/v1/agents/commissions - GET - ::1","timestamp":"2026-02-15T11:19:40.730Z"}
{"level":"error","message":"500 - Bind parameters must not contain undefined. To pass SQL NULL specify JS null - /api/v1/agents/clients - GET - ::1","timestamp":"2026-02-15T11:19:41.451Z"}
{"level":"error","message":"500 - Bind parameters must not contain undefined. To pass SQL NULL specify JS null - /api/v1/agents/clients - GET - ::1","timestamp":"2026-02-15T11:19:41.461Z"}
{"level":"error","message":"500 - Bind parameters must not contain undefined. To pass SQL NULL specify JS null - /api/v1/agents/stats - GET - ::1","timestamp":"2026-02-15T11:19:58.053Z"}
{"level":"error","message":"500 - Bind parameters must not contain undefined. To pass SQL NULL specify JS null - /api/v1/agents/referral-code - GET - ::1","timestamp":"2026-02-15T11:19:58.061Z"}
{"level":"error","message":"500 - Bind parameters must not contain undefined. To pass SQL NULL specify JS null - /api/v1/agents/clients - GET - ::1","timestamp":"2026-02-15T11:19:58.068Z"}
{"level":"error","message":"500 - Bind parameters must not contain undefined. To pass SQL NULL specify JS null - /api/v1/agents/stats - GET - ::1","timestamp":"2026-02-15T11:19:58.078Z"}
{"level":"error","message":"500 - Bind parameters must not contain undefined. To pass SQL NULL specify JS null - /api/v1/agents/referral-code - GET - ::1","timestamp":"2026-02-15T11:19:58.082Z"}
{"level":"error","message":"500 - Bind parameters must not contain undefined. To pass SQL NULL specify JS null - /api/v1/agents/clients - GET - ::1","timestamp":"2026-02-15T11:19:58.087Z"}
{"level":"error","message":"500 - Bind parameters must not contain undefined. To pass SQL NULL specify JS null - /api/v1/agents/clients - GET - ::1","timestamp":"2026-02-15T11:20:04.140Z"}
{"level":"error","message":"500 - Bind parameters must not contain undefined. To pass SQL NULL specify JS null - /api/v1/agents/clients - GET - ::1","timestamp":"2026-02-15T11:20:04.153Z"}
{"level":"error","message":"500 - Bind parameters must not contain undefined. To pass SQL NULL specify JS null - /api/v1/agents/commissions - GET - ::1","timestamp":"2026-02-15T11:20:11.570Z"}
{"level":"error","message":"500 - Bind parameters must not contain undefined. To pass SQL NULL specify JS null - /api/v1/agents/commissions - GET - ::1","timestamp":"2026-02-15T11:20:11.578Z"}
{"level":"info","message":"✓ Database connected successfully","timestamp":"2026-02-15T11:30:19.786Z"}
{"level":"info","message":"✓ Server running on port 5000","timestamp":"2026-02-15T11:30:19.791Z"}
{"level":"error","message":"500 - Data truncated for column 'user_id' at row 1 - /api/v1/users/profile - PATCH - ::1","timestamp":"2026-02-15T11:30:59.340Z"}
{"level":"info","message":"✓ Database connected successfully","timestamp":"2026-02-15T11:34:42.718Z"}
{"level":"info","message":"✓ Server running on port 5000","timestamp":"2026-02-15T11:34:42.722Z"}
{"level":"info","message":"✓ Database connected successfully","timestamp":"2026-02-15T11:36:37.197Z"}
{"level":"info","message":"✓ Server running on port 5000","timestamp":"2026-02-15T11:36:37.203Z"}
{"level":"info","message":"✓ Database connected successfully","timestamp":"2026-02-15T12:21:01.802Z"}
{"level":"info","message":"✓ Server running on port 5000","timestamp":"2026-02-15T12:21:01.808Z"}
{"level":"info","message":"✓ Database connected successfully","timestamp":"2026-02-15T13:28:39.089Z"}
{"level":"info","message":"✓ Server running on port 5000","timestamp":"2026-02-15T13:28:39.097Z"}
{"level":"info","message":"✓ Database connected successfully","timestamp":"2026-02-15T13:33:21.222Z"}
{"level":"info","message":"✓ Server running on port 5000","timestamp":"2026-02-15T13:33:21.228Z"}
{"level":"info","message":"✓ Database connected successfully","timestamp":"2026-02-15T13:46:46.881Z"}
{"level":"info","message":"✓ Server running on port 5000","timestamp":"2026-02-15T13:46:46.888Z"}
{"level":"info","message":"✓ Database connected successfully","timestamp":"2026-02-15T13:48:01.542Z"}
{"level":"info","message":"✓ Server running on port 5000","timestamp":"2026-02-15T13:48:01.549Z"}
{"level":"info","message":"✓ Database connected successfully","timestamp":"2026-02-15T13:48:34.163Z"}
{"level":"info","message":"✓ Server running on port 5000","timestamp":"2026-02-15T13:48:34.171Z"}
{"level":"info","message":"✓ Database connected successfully","timestamp":"2026-02-15T13:50:57.664Z"}
{"level":"info","message":"✓ Server running on port 5000","timestamp":"2026-02-15T13:50:57.672Z"}
{"level":"info","message":"✓ Database connected successfully","timestamp":"2026-02-16T08:01:55.813Z"}
{"level":"info","message":"✓ Server running on port 5000","timestamp":"2026-02-16T08:01:55.821Z"}
{"level":"info","message":"✓ Database connected successfully","timestamp":"2026-02-16T08:08:37.340Z"}
{"level":"info","message":"✓ Server running on port 5000","timestamp":"2026-02-16T08:08:37.347Z"}
{"level":"info","message":"✓ Database connected successfully","timestamp":"2026-02-16T08:09:14.910Z"}
{"level":"info","message":"✓ Server running on port 5000","timestamp":"2026-02-16T08:09:14.917Z"}
{"level":"info","message":"✓ Database connected successfully","timestamp":"2026-02-16T08:09:36.952Z"}
{"level":"info","message":"✓ Server running on port 5000","timestamp":"2026-02-16T08:09:36.959Z"}
{"level":"info","message":"✓ Database connected successfully","timestamp":"2026-02-16T08:10:08.861Z"}
{"level":"info","message":"✓ Server running on port 5000","timestamp":"2026-02-16T08:10:08.867Z"}
{"level":"info","message":"✓ Database connected successfully","timestamp":"2026-02-16T08:10:39.934Z"}
{"level":"info","message":"✓ Server running on port 5000","timestamp":"2026-02-16T08:10:39.942Z"}
{"level":"info","message":"✓ Database connected successfully","timestamp":"2026-02-16T08:19:12.339Z"}
{"level":"info","message":"✓ Server running on port 5000","timestamp":"2026-02-16T08:19:12.348Z"}
{"level":"error","message":"500 - Bind parameters must not contain undefined. To pass SQL NULL specify JS null - /api/v1/bookings - POST - ::1","timestamp":"2026-02-16T08:23:14.374Z"}
{"level":"info","message":"✓ Database connected successfully","timestamp":"2026-02-16T08:37:49.599Z"}
{"level":"info","message":"✓ Server running on port 5000","timestamp":"2026-02-16T08:37:49.614Z"}
{"level":"info","message":"✓ Database connected successfully","timestamp":"2026-02-16T08:58:24.997Z"}
{"level":"info","message":"✓ Server running on port 5000","timestamp":"2026-02-16T08:58:25.011Z"}
{"level":"error","message":"500 - Table 'rivers_rwanda.houses' doesn't exist - /api/v1/admin/stats - GET - ::1","timestamp":"2026-02-16T08:59:02.659Z"}
{"level":"error","message":"500 - Table 'rivers_rwanda.houses' doesn't exist - /api/v1/admin/stats - GET - ::1","timestamp":"2026-02-16T08:59:02.703Z"}
{"level":"info","message":"✓ Database connected successfully","timestamp":"2026-02-16T09:15:29.785Z"}
{"level":"info","message":"✓ Server running on port 5000","timestamp":"2026-02-16T09:15:29.791Z"}
{"level":"error","message":"500 - Incorrect integer value: 'true' for column 'has_parking' at row 1 - /api/v1/houses - POST - ::1","timestamp":"2026-02-16T09:17:13.694Z"}
{"level":"info","message":"✓ Database connected successfully","timestamp":"2026-02-16T09:35:56.677Z"}
{"level":"info","message":"✓ Server running on port 5000","timestamp":"2026-02-16T09:35:56.684Z"}
{"level":"info","message":"✓ Database connected successfully","timestamp":"2026-02-16T10:25:17.160Z"}
{"level":"info","message":"✓ Server running on port 5000","timestamp":"2026-02-16T10:25:17.169Z"}
{"level":"info","message":"✓ Database connected successfully","timestamp":"2026-02-16T10:25:55.808Z"}
{"level":"info","message":"✓ Server running on port 5000","timestamp":"2026-02-16T10:25:55.815Z"}
